<?xml version="1.0" encoding="UTF-8"?>
<testng-results skipped="0" failed="0" ignored="0" total="1" passed="1">
  <reporter-output>
  </reporter-output>
  <suite name="Default suite" duration-ms="11544" started-at="2018-12-05T05:55:23Z" finished-at="2018-12-05T05:55:35Z">
    <groups>
    </groups>
    <test name="Default test" duration-ms="11544" started-at="2018-12-05T05:55:23Z" finished-at="2018-12-05T05:55:35Z">
      <class name="com.practice.selenium.Synchronization">
        <test-method status="PASS" signature="synTest()[pri:0, instance:com.practice.selenium.Synchronization@371a67ec]" name="synTest" duration-ms="11517" started-at="2018-12-05T05:55:23Z" finished-at="2018-12-05T05:55:35Z">
          <reporter-output>
          </reporter-output>
        </test-method> <!-- synTest -->
      </class> <!-- com.practice.selenium.Synchronization -->
    </test> <!-- Default test -->
  </suite> <!-- Default suite -->
</testng-results>
